[33m❯[39m Building...
[32m✔[39m Building...
[35mBrowser bundles[39m      
[1mInitial chunk files[22m  [2m | [22m[1mNames[22m           [2m | [22m [1mRaw size[22m[2m | [22m[1mEstimated transfer size[22m
[32mmain-25DTU3Q6.js[39m     [2m | [22m[2mmain[22m            [2m | [22m[36m512.71 kB[39m[2m | [22m              [36m115.36 kB[39m
[32mpolyfills-5CFQRCPP.js[39m[2m | [22m[2mpolyfills[22m       [2m | [22m [36m34.59 kB[39m[2m | [22m               [36m11.33 kB[39m
[32mstyles-CDQORMWZ.css[39m  [2m | [22m[2mstyles[22m          [2m | [22m  [36m5.48 kB[39m[2m | [22m                [36m1.46 kB[39m

[1m [22m                    [2m | [22m[1mInitial total[22m   [2m | [22m[1m[93m552.77 kB[39m[22m[2m | [22m              [1m128.15 kB[22m


[35mServer bundles[39m       
[1mInitial chunk files[22m  [2m | [22m[1mNames[22m           [2m | [22m [1mRaw size[22m
[32mmain.server.mjs[39m      [2m | [22m[2mmain.server[22m     [2m | [22m[36m962.13 kB[39m[2m | [22m                       
[32mserver.mjs[39m           [2m | [22m[2mserver[22m          [2m | [22m[36m807.87 kB[39m[2m | [22m                       
[32mpolyfills.server.mjs[39m [2m | [22m[2mpolyfills.server[22m[2m | [22m[36m265.23 kB[39m[2m | [22m                       
[32mchunk-X2SEQXRR.mjs[39m   [2m | [22m[2m-[22m               [2m | [22m  [36m2.41 kB[39m[2m | [22m                       
[32mchunk-L2MVFUKD.mjs[39m   [2m | [22m[2m-[22m               [2m | [22m  [36m1.32 kB[39m[2m | [22m                       

[1mLazy chunk files[22m     [2m | [22m[1mNames[22m           [2m | [22m [1mRaw size[22m
[32mchunk-HKQTHSU5.mjs[39m   [2m | [22m[2mxhr2[22m            [2m | [22m [36m12.15 kB[39m[2m | [22m                       
[32mchunk-ZBYV3YBF.mjs[39m   [2m | [22m[2mxhr2[22m            [2m | [22m [36m12.08 kB[39m[2m | [22m                       

[35mPrerendered 0 static routes.[39m
Application bundle generation failed. [11.964 seconds] - 2026-03-24T07:20:12.781Z

[1m[33m[33m▲ [43;33m[[43;30mWARNING[43;33m][0m [1mNG8113: DocterDetails is not used within the template of MainAbout[0m [1m[35m[plugin angular-compiler][0m

    src/app/component/main-about/main-about.ts:10:42:
[37m      10 │ ...: [MainNavbar, SlaidBar, Footer, [32mDocterDetails[37m, DepartmentDoctor],
         ╵                                     [32m~~~~~~~~~~~~~[0m


[33m▲ [43;33m[[43;30mWARNING[43;33m][0m [1mbundle initial exceeded maximum budget. Budget 500.00 kB was not met by 52.77 kB with a total of 552.77 kB.[0m


[33m▲ [43;33m[[43;30mWARNING[43;33m][0m [1mcss-inline-fonts:https://fonts.googleapis.com/css2?family=Inter:wght@300;400;500;600;700&display=swap exceeded maximum budget. Budget 10.00 kB was not met by 3.69 kB with a total of 13.70 kB.[0m


[33m▲ [43;33m[[43;30mWARNING[43;33m][0m [1mcss-inline-fonts:https://fonts.googleapis.com/css2?family=Inter:wght@300;400;500;600;700;800&display=swap exceeded maximum budget. Budget 10.00 kB was not met by 12.32 kB with a total of 22.32 kB.[0m

[39m[22m
[1m[31m[31mX [41;31m[[41;97mERROR[41;31m][0m [1mcss-inline-fonts:https://fonts.googleapis.com/css2?family=Inter:wght@300;400;500;600;700;800&display=swap exceeded maximum budget. Budget 15.00 kB was not met by 7.32 kB with a total of 22.32 kB.[0m

[39m[22m
